2022/07/01 09:27:36 mcdata.api.httpcontroller.impl.HTTPControllerImpl all [qtp185203393-24 - /telco-data/all][INFO]:
				listen ... -- {"user_id":"test","token":"9a538c549f329a429dc81b74289aa9c3ad7ce70dd27d9e388cc794714871b705","request_id":"xyz0123456789","request_type":"all","request_body":{"msisdns":["84914762798"],"start_date":"20210601","end_date":"20211001","data_duration_month":3}}
2022/07/01 09:27:37 mcdata.api.process.GetAll lambda$0 [qtp185203393-24 - /telco-data/all][ERROR]:
				ENOT_START/Thang 06-2021 chua co du lieu
mcdata.api.exception.NotStartException: ENOT_START/Thang 06-2021 chua co du lieu
	at mcdata.api.process.flow.ArpuFlow.run(ArpuFlow.java:64) ~[classes/:na]
	at mcdata.api.process.GetAll.lambda$0(GetAll.java:79) ~[classes/:na]
	at mcdata.api.provider.Provider.process(Provider.java:40) ~[classes/:na]
	at mcdata.api.httpcontroller.impl.HTTPControllerImpl.all(HTTPControllerImpl.java:556) ~[classes/:na]
	at java.base/jdk.internal.reflect.NativeMethodAccessorImpl.invoke0(Native Method) ~[na:na]
	at java.base/jdk.internal.reflect.NativeMethodAccessorImpl.invoke(NativeMethodAccessorImpl.java:77) ~[na:na]
	at java.base/jdk.internal.reflect.DelegatingMethodAccessorImpl.invoke(DelegatingMethodAccessorImpl.java:43) ~[na:na]
	at java.base/java.lang.reflect.Method.invoke(Method.java:568) ~[na:na]
	at org.glassfish.jersey.server.model.internal.ResourceMethodInvocationHandlerFactory$1.invoke(ResourceMethodInvocationHandlerFactory.java:81) ~[jersey-server-2.25.jar:na]
	at org.glassfish.jersey.server.model.internal.AbstractJavaResourceMethodDispatcher$1.run(AbstractJavaResourceMethodDispatcher.java:144) ~[jersey-server-2.25.jar:na]
	at org.glassfish.jersey.server.model.internal.AbstractJavaResourceMethodDispatcher.invoke(AbstractJavaResourceMethodDispatcher.java:161) ~[jersey-server-2.25.jar:na]
	at org.glassfish.jersey.server.model.internal.JavaResourceMethodDispatcherProvider$ResponseOutInvoker.doDispatch(JavaResourceMethodDispatcherProvider.java:160) ~[jersey-server-2.25.jar:na]
	at org.glassfish.jersey.server.model.internal.AbstractJavaResourceMethodDispatcher.dispatch(AbstractJavaResourceMethodDispatcher.java:99) ~[jersey-server-2.25.jar:na]
	at org.glassfish.jersey.server.model.ResourceMethodInvoker.invoke(ResourceMethodInvoker.java:389) ~[jersey-server-2.25.jar:na]
	at org.glassfish.jersey.server.model.ResourceMethodInvoker.apply(ResourceMethodInvoker.java:347) ~[jersey-server-2.25.jar:na]
	at org.glassfish.jersey.server.model.ResourceMethodInvoker.apply(ResourceMethodInvoker.java:102) ~[jersey-server-2.25.jar:na]
	at org.glassfish.jersey.server.ServerRuntime$2.run(ServerRuntime.java:326) ~[jersey-server-2.25.jar:na]
	at org.glassfish.jersey.internal.Errors$1.call(Errors.java:271) ~[jersey-common-2.25.jar:na]
	at org.glassfish.jersey.internal.Errors$1.call(Errors.java:267) ~[jersey-common-2.25.jar:na]
	at org.glassfish.jersey.internal.Errors.process(Errors.java:315) ~[jersey-common-2.25.jar:na]
	at org.glassfish.jersey.internal.Errors.process(Errors.java:297) ~[jersey-common-2.25.jar:na]
	at org.glassfish.jersey.internal.Errors.process(Errors.java:267) ~[jersey-common-2.25.jar:na]
	at org.glassfish.jersey.process.internal.RequestScope.runInScope(RequestScope.java:317) ~[jersey-common-2.25.jar:na]
	at org.glassfish.jersey.server.ServerRuntime.process(ServerRuntime.java:305) ~[jersey-server-2.25.jar:na]
	at org.glassfish.jersey.server.ApplicationHandler.handle(ApplicationHandler.java:1154) ~[jersey-server-2.25.jar:na]
	at org.glassfish.jersey.jetty.JettyHttpContainer.handle(JettyHttpContainer.java:195) ~[jersey-container-jetty-http-2.25.jar:na]
	at org.eclipse.jetty.server.handler.HandlerWrapper.handle(HandlerWrapper.java:97) ~[jetty-server-9.2.14.v20151106.jar:9.2.14.v20151106]
	at org.eclipse.jetty.server.Server.handle(Server.java:499) ~[jetty-server-9.2.14.v20151106.jar:9.2.14.v20151106]
	at org.eclipse.jetty.server.HttpChannel.handle(HttpChannel.java:311) ~[jetty-server-9.2.14.v20151106.jar:9.2.14.v20151106]
	at org.eclipse.jetty.server.HttpConnection.onFillable(HttpConnection.java:257) ~[jetty-server-9.2.14.v20151106.jar:9.2.14.v20151106]
	at org.eclipse.jetty.io.AbstractConnection$2.run(AbstractConnection.java:544) ~[jetty-io-9.2.14.v20151106.jar:9.2.14.v20151106]
	at org.eclipse.jetty.util.thread.QueuedThreadPool.runJob(QueuedThreadPool.java:635) ~[jetty-util-9.2.14.v20151106.jar:9.2.14.v20151106]
	at org.eclipse.jetty.util.thread.QueuedThreadPool$3.run(QueuedThreadPool.java:555) ~[jetty-util-9.2.14.v20151106.jar:9.2.14.v20151106]
	at java.base/java.lang.Thread.run(Thread.java:833) ~[na:na]
2022/07/01 09:27:37 mcdata.api.httpcontroller.impl.HTTPControllerImpl all [qtp185203393-24 - /telco-data/all][INFO]:
				-6:ENOT_START/Thang 06-2021 chua co du lieu -- {"user_id":"test","token":"9a538c549f329a429dc81b74289aa9c3ad7ce70dd27d9e388cc794714871b705","request_id":"xyz0123456789","request_type":"all","request_body":{"msisdns":["84914762798"],"start_date":"20210601","end_date":"20211001","data_duration_month":3}}
2022/07/01 09:27:58 mcdata.api.server.impl.PlatformImpl initServer [main][INFO]:
				--------------- Init API Server Start---------------
2022/07/01 09:27:58 mcdata.api.server.impl.PlatformImpl initServer [main][DEBUG]:
				File: /instance/mcdata_api.runing locked => Start module
2022/07/01 09:28:00 mcdata.api.server.impl.PlatformImpl initServer [main][INFO]:
				--------------- Init API Server End---------------
2022/07/01 09:28:01 mcdata.api.httpcontroller.impl.HTTPControllerImpl all [qtp185203393-18 - /telco-data/all][INFO]:
				listen ... -- {"user_id":"test","token":"9a538c549f329a429dc81b74289aa9c3ad7ce70dd27d9e388cc794714871b705","request_id":"xyz0123456789","request_type":"all","request_body":{"msisdns":["84914762798"],"start_date":"20210601","end_date":"20211001","data_duration_month":3}}
2022/07/01 09:28:01 mcdata.api.process.GetAll lambda$0 [qtp185203393-18 - /telco-data/all][ERROR]:
				ENOT_START/Thang 06-2021 chua co du lieu
mcdata.api.exception.NotStartException: ENOT_START/Thang 06-2021 chua co du lieu
	at mcdata.api.process.flow.ArpuFlow.run(ArpuFlow.java:64) ~[classes/:na]
	at mcdata.api.process.GetAll.lambda$0(GetAll.java:73) ~[classes/:na]
	at mcdata.api.provider.Provider.process(Provider.java:40) ~[classes/:na]
	at mcdata.api.httpcontroller.impl.HTTPControllerImpl.all(HTTPControllerImpl.java:556) ~[classes/:na]
	at java.base/jdk.internal.reflect.NativeMethodAccessorImpl.invoke0(Native Method) ~[na:na]
	at java.base/jdk.internal.reflect.NativeMethodAccessorImpl.invoke(NativeMethodAccessorImpl.java:77) ~[na:na]
	at java.base/jdk.internal.reflect.DelegatingMethodAccessorImpl.invoke(DelegatingMethodAccessorImpl.java:43) ~[na:na]
	at java.base/java.lang.reflect.Method.invoke(Method.java:568) ~[na:na]
	at org.glassfish.jersey.server.model.internal.ResourceMethodInvocationHandlerFactory$1.invoke(ResourceMethodInvocationHandlerFactory.java:81) ~[jersey-server-2.25.jar:na]
	at org.glassfish.jersey.server.model.internal.AbstractJavaResourceMethodDispatcher$1.run(AbstractJavaResourceMethodDispatcher.java:144) ~[jersey-server-2.25.jar:na]
	at org.glassfish.jersey.server.model.internal.AbstractJavaResourceMethodDispatcher.invoke(AbstractJavaResourceMethodDispatcher.java:161) ~[jersey-server-2.25.jar:na]
	at org.glassfish.jersey.server.model.internal.JavaResourceMethodDispatcherProvider$ResponseOutInvoker.doDispatch(JavaResourceMethodDispatcherProvider.java:160) ~[jersey-server-2.25.jar:na]
	at org.glassfish.jersey.server.model.internal.AbstractJavaResourceMethodDispatcher.dispatch(AbstractJavaResourceMethodDispatcher.java:99) ~[jersey-server-2.25.jar:na]
	at org.glassfish.jersey.server.model.ResourceMethodInvoker.invoke(ResourceMethodInvoker.java:389) ~[jersey-server-2.25.jar:na]
	at org.glassfish.jersey.server.model.ResourceMethodInvoker.apply(ResourceMethodInvoker.java:347) ~[jersey-server-2.25.jar:na]
	at org.glassfish.jersey.server.model.ResourceMethodInvoker.apply(ResourceMethodInvoker.java:102) ~[jersey-server-2.25.jar:na]
	at org.glassfish.jersey.server.ServerRuntime$2.run(ServerRuntime.java:326) ~[jersey-server-2.25.jar:na]
	at org.glassfish.jersey.internal.Errors$1.call(Errors.java:271) ~[jersey-common-2.25.jar:na]
	at org.glassfish.jersey.internal.Errors$1.call(Errors.java:267) ~[jersey-common-2.25.jar:na]
	at org.glassfish.jersey.internal.Errors.process(Errors.java:315) ~[jersey-common-2.25.jar:na]
	at org.glassfish.jersey.internal.Errors.process(Errors.java:297) ~[jersey-common-2.25.jar:na]
	at org.glassfish.jersey.internal.Errors.process(Errors.java:267) ~[jersey-common-2.25.jar:na]
	at org.glassfish.jersey.process.internal.RequestScope.runInScope(RequestScope.java:317) ~[jersey-common-2.25.jar:na]
	at org.glassfish.jersey.server.ServerRuntime.process(ServerRuntime.java:305) ~[jersey-server-2.25.jar:na]
	at org.glassfish.jersey.server.ApplicationHandler.handle(ApplicationHandler.java:1154) ~[jersey-server-2.25.jar:na]
	at org.glassfish.jersey.jetty.JettyHttpContainer.handle(JettyHttpContainer.java:195) ~[jersey-container-jetty-http-2.25.jar:na]
	at org.eclipse.jetty.server.handler.HandlerWrapper.handle(HandlerWrapper.java:97) ~[jetty-server-9.2.14.v20151106.jar:9.2.14.v20151106]
	at org.eclipse.jetty.server.Server.handle(Server.java:499) ~[jetty-server-9.2.14.v20151106.jar:9.2.14.v20151106]
	at org.eclipse.jetty.server.HttpChannel.handle(HttpChannel.java:311) ~[jetty-server-9.2.14.v20151106.jar:9.2.14.v20151106]
	at org.eclipse.jetty.server.HttpConnection.onFillable(HttpConnection.java:257) ~[jetty-server-9.2.14.v20151106.jar:9.2.14.v20151106]
	at org.eclipse.jetty.io.AbstractConnection$2.run(AbstractConnection.java:544) ~[jetty-io-9.2.14.v20151106.jar:9.2.14.v20151106]
	at org.eclipse.jetty.util.thread.QueuedThreadPool.runJob(QueuedThreadPool.java:635) ~[jetty-util-9.2.14.v20151106.jar:9.2.14.v20151106]
	at org.eclipse.jetty.util.thread.QueuedThreadPool$3.run(QueuedThreadPool.java:555) ~[jetty-util-9.2.14.v20151106.jar:9.2.14.v20151106]
	at java.base/java.lang.Thread.run(Thread.java:833) ~[na:na]
2022/07/01 09:28:01 mcdata.api.httpcontroller.impl.HTTPControllerImpl all [qtp185203393-18 - /telco-data/all][INFO]:
				-6:ENOT_START/Thang 06-2021 chua co du lieu -- {"user_id":"test","token":"9a538c549f329a429dc81b74289aa9c3ad7ce70dd27d9e388cc794714871b705","request_id":"xyz0123456789","request_type":"all","request_body":{"msisdns":["84914762798"],"start_date":"20210601","end_date":"20211001","data_duration_month":3}}
2022/07/01 09:28:06 mcdata.api.httpcontroller.impl.HTTPControllerImpl all [qtp185203393-22 - /telco-data/all][INFO]:
				listen ... -- {"user_id":"test","token":"5e6ce1a38e188e698ed9e996d5d252c4e815c63f1b03f41db18fc21e99c09c00","request_id":"xyz0123456789","request_type":"all","request_body":{"msisdns":["84914762798"],"start_date":"20210801","end_date":"20211001","data_duration_month":3}}
2022/07/01 09:28:08 mcdata.api.httpcontroller.impl.HTTPControllerImpl all [qtp185203393-22 - /telco-data/all][INFO]:
				listen end -- 
